<?xml version="1.0" encoding="UTF-8"?>
<testng-results skipped="0" failed="0" ignored="0" total="1" passed="1">
  <reporter-output>
  </reporter-output>
  <suite name="WEB TESTS" duration-ms="269" started-at="2020-02-24T08:49:14 PST" finished-at="2020-02-24T08:49:15 PST">
    <groups>
    </groups>
    <test name="Mongo_Test" duration-ms="269" started-at="2020-02-24T08:49:14 PST" finished-at="2020-02-24T08:49:15 PST">
      <class name="tests.Mongo_Test">
        <test-method status="PASS" signature="TomatoesorBaconRecipes_Test()[pri:0, instance:tests.Mongo_Test@51f116b8]" name="TomatoesorBaconRecipes_Test" duration-ms="245" started-at="2020-02-24T08:49:14 PST" finished-at="2020-02-24T08:49:15 PST">
          <reporter-output>
          </reporter-output>
        </test-method> <!-- TomatoesorBaconRecipes_Test -->
      </class> <!-- tests.Mongo_Test -->
    </test> <!-- Mongo_Test -->
  </suite> <!-- WEB TESTS -->
</testng-results>
